<?xml version="1.0" encoding="UTF-8"?>
<testsuite xmlns:xsi="http://www.w3.org/2001/XMLSchema-instance" xsi:noNamespaceSchemaLocation="https://maven.apache.org/surefire/maven-surefire-plugin/xsd/surefire-test-report.xsd" name="com.example.dao.EvenementTests" time="1.495" tests="5" errors="0" skipped="0" failures="0">
  <properties>
[...]
</properties>
  <testcase name="testAfficherEvenementNonTrouve" classname="com.example.dao.EvenementTests" time="1.409"/>
  <testcase name="testModifierEvenement" classname="com.example.dao.EvenementTests" time="0.035"/>
  <testcase name="testAfficherEvenement" classname="com.example.dao.EvenementTests" time="0.01"/>
  <testcase name="testAjouterEvenement" classname="com.example.dao.EvenementTests" time="0.006"/>
  <testcase name="testSupprimerEvenement" classname="com.example.dao.EvenementTests" time="0.003"/>
</testsuite>